[0.186s] DEBUG:colcon:Command line arguments: ['/usr/bin/colcon', 'build', '--symlink-install']
[0.186s] DEBUG:colcon:Parsed command line arguments: Namespace(log_base=None, log_level=None, verb_name='build', build_base='build', install_base='install', merge_install=False, symlink_install=True, test_result_base=None, continue_on_error=False, executor='parallel', parallel_workers=7, event_handlers=None, ignore_user_meta=False, metas=['./colcon.meta'], base_paths=['.'], packages_ignore=None, packages_ignore_regex=None, paths=None, packages_up_to=None, packages_up_to_regex=None, packages_above=None, packages_above_and_dependencies=None, packages_above_depth=None, packages_select_by_dep=None, packages_skip_by_dep=None, packages_skip_up_to=None, packages_select_build_failed=False, packages_skip_build_finished=False, packages_select_test_failures=False, packages_skip_test_passed=False, packages_select=None, packages_skip=None, packages_select_regex=None, packages_skip_regex=None, packages_start=None, packages_end=None, allow_overriding=[], cmake_args=None, cmake_target=None, cmake_target_skip_unavailable=False, cmake_clean_cache=False, cmake_clean_first=False, cmake_force_configure=False, ament_cmake_args=None, catkin_cmake_args=None, catkin_skip_building_tests=False, mixin_files=None, mixin=None, verb_parser=<colcon_mixin.mixin.mixin_argument.MixinArgumentDecorator object at 0x760dc48457b0>, verb_extension=<colcon_core.verb.build.BuildVerb object at 0x760dc48454e0>, main=<bound method BuildVerb.main of <colcon_core.verb.build.BuildVerb object at 0x760dc48454e0>>, mixin_verb=('build',))
[0.386s] Level 1:colcon.colcon_core.package_discovery:discover_packages(colcon_meta) check parameters
[0.387s] Level 1:colcon.colcon_core.package_discovery:discover_packages(recursive) check parameters
[0.387s] Level 1:colcon.colcon_core.package_discovery:discover_packages(ignore) check parameters
[0.387s] Level 1:colcon.colcon_core.package_discovery:discover_packages(path) check parameters
[0.387s] Level 1:colcon.colcon_core.package_discovery:discover_packages(colcon_meta) discover
[0.387s] Level 1:colcon.colcon_core.package_discovery:discover_packages(recursive) discover
[0.387s] INFO:colcon.colcon_core.package_discovery:Crawling recursively for packages in '/home/nagulann01/docking_ws/src/laser_line_extraction'
[0.387s] Level 1:colcon.colcon_core.package_identification:_identify(.) by extensions ['ignore', 'ignore_ament_install']
[0.387s] Level 1:colcon.colcon_core.package_identification:_identify(.) by extension 'ignore'
[0.387s] Level 1:colcon.colcon_core.package_identification:_identify(.) by extension 'ignore_ament_install'
[0.387s] Level 1:colcon.colcon_core.package_identification:_identify(.) by extensions ['colcon_pkg']
[0.387s] Level 1:colcon.colcon_core.package_identification:_identify(.) by extension 'colcon_pkg'
[0.387s] Level 1:colcon.colcon_core.package_identification:_identify(.) by extensions ['colcon_meta']
[0.387s] Level 1:colcon.colcon_core.package_identification:_identify(.) by extension 'colcon_meta'
[0.387s] Level 1:colcon.colcon_core.package_identification:_identify(.) by extensions ['ros']
[0.387s] Level 1:colcon.colcon_core.package_identification:_identify(.) by extension 'ros'
[0.404s] DEBUG:colcon.colcon_core.package_identification:Package '.' with type 'ros.ament_cmake' and name 'laser_line_extraction'
[0.404s] Level 1:colcon.colcon_core.package_discovery:discover_packages(recursive) using defaults
[0.404s] Level 1:colcon.colcon_core.package_discovery:discover_packages(ignore) discover
[0.404s] Level 1:colcon.colcon_core.package_discovery:discover_packages(ignore) using defaults
[0.404s] Level 1:colcon.colcon_core.package_discovery:discover_packages(path) discover
[0.404s] Level 1:colcon.colcon_core.package_discovery:discover_packages(path) using defaults
[0.442s] Level 1:colcon.colcon_core.package_discovery:discover_packages(prefix_path) check parameters
[0.442s] Level 1:colcon.colcon_core.package_discovery:discover_packages(prefix_path) discover
[0.446s] DEBUG:colcon.colcon_installed_package_information.package_discovery:Found 325 installed packages in /opt/ros/humble
[0.448s] Level 1:colcon.colcon_core.package_discovery:discover_packages(prefix_path) using defaults
[0.494s] Level 5:colcon.colcon_core.verb:set package 'laser_line_extraction' build argument 'cmake_args' from command line to 'None'
[0.494s] Level 5:colcon.colcon_core.verb:set package 'laser_line_extraction' build argument 'cmake_target' from command line to 'None'
[0.494s] Level 5:colcon.colcon_core.verb:set package 'laser_line_extraction' build argument 'cmake_target_skip_unavailable' from command line to 'False'
[0.494s] Level 5:colcon.colcon_core.verb:set package 'laser_line_extraction' build argument 'cmake_clean_cache' from command line to 'False'
[0.494s] Level 5:colcon.colcon_core.verb:set package 'laser_line_extraction' build argument 'cmake_clean_first' from command line to 'False'
[0.494s] Level 5:colcon.colcon_core.verb:set package 'laser_line_extraction' build argument 'cmake_force_configure' from command line to 'False'
[0.494s] Level 5:colcon.colcon_core.verb:set package 'laser_line_extraction' build argument 'ament_cmake_args' from command line to 'None'
[0.494s] Level 5:colcon.colcon_core.verb:set package 'laser_line_extraction' build argument 'catkin_cmake_args' from command line to 'None'
[0.494s] Level 5:colcon.colcon_core.verb:set package 'laser_line_extraction' build argument 'catkin_skip_building_tests' from command line to 'False'
[0.494s] DEBUG:colcon.colcon_core.verb:Building package 'laser_line_extraction' with the following arguments: {'ament_cmake_args': None, 'build_base': '/home/nagulann01/docking_ws/src/laser_line_extraction/build/laser_line_extraction', 'catkin_cmake_args': None, 'catkin_skip_building_tests': False, 'cmake_args': None, 'cmake_clean_cache': False, 'cmake_clean_first': False, 'cmake_force_configure': False, 'cmake_target': None, 'cmake_target_skip_unavailable': False, 'install_base': '/home/nagulann01/docking_ws/src/laser_line_extraction/install/laser_line_extraction', 'merge_install': False, 'path': '/home/nagulann01/docking_ws/src/laser_line_extraction', 'symlink_install': True, 'test_result_base': None}
[0.494s] INFO:colcon.colcon_core.executor:Executing jobs using 'parallel' executor
[0.504s] DEBUG:colcon.colcon_parallel_executor.executor.parallel:run_until_complete
[0.505s] INFO:colcon.colcon_ros.task.ament_cmake.build:Building ROS package in '/home/nagulann01/docking_ws/src/laser_line_extraction' with build type 'ament_cmake'
[0.506s] INFO:colcon.colcon_cmake.task.cmake.build:Building CMake package in '/home/nagulann01/docking_ws/src/laser_line_extraction'
[0.516s] INFO:colcon.colcon_core.plugin_system:Skipping extension 'colcon_core.shell.bat': Not used on non-Windows systems
[0.516s] INFO:colcon.colcon_core.shell:Skip shell extension 'powershell' for command environment: Not usable outside of PowerShell
[0.516s] DEBUG:colcon.colcon_core.shell:Skip shell extension 'dsv' for command environment
[0.647s] DEBUG:colcon.colcon_core.event_handler.log_command:Invoking command in '/home/nagulann01/docking_ws/src/laser_line_extraction/build/laser_line_extraction': CMAKE_PREFIX_PATH=/opt/ros/humble /usr/bin/cmake /home/nagulann01/docking_ws/src/laser_line_extraction -DAMENT_CMAKE_SYMLINK_INSTALL=1 -DCMAKE_INSTALL_PREFIX=/home/nagulann01/docking_ws/src/laser_line_extraction/install/laser_line_extraction
[2.053s] DEBUG:colcon.colcon_core.event_handler.log_command:Invoked command in '/home/nagulann01/docking_ws/src/laser_line_extraction/build/laser_line_extraction' returned '1': CMAKE_PREFIX_PATH=/opt/ros/humble /usr/bin/cmake /home/nagulann01/docking_ws/src/laser_line_extraction -DAMENT_CMAKE_SYMLINK_INSTALL=1 -DCMAKE_INSTALL_PREFIX=/home/nagulann01/docking_ws/src/laser_line_extraction/install/laser_line_extraction
[2.085s] Level 1:colcon.colcon_core.environment:create_environment_scripts_only(laser_line_extraction)
[2.091s] Level 1:colcon.colcon_core.environment:checking '/home/nagulann01/docking_ws/src/laser_line_extraction/install/laser_line_extraction' for CMake module files
[2.092s] Level 1:colcon.colcon_core.environment:checking '/home/nagulann01/docking_ws/src/laser_line_extraction/install/laser_line_extraction' for CMake config files
[2.093s] Level 1:colcon.colcon_core.environment:checking '/home/nagulann01/docking_ws/src/laser_line_extraction/install/laser_line_extraction/bin'
[2.093s] Level 1:colcon.colcon_core.environment:checking '/home/nagulann01/docking_ws/src/laser_line_extraction/install/laser_line_extraction/lib/pkgconfig/laser_line_extraction.pc'
[2.093s] Level 1:colcon.colcon_core.environment:checking '/home/nagulann01/docking_ws/src/laser_line_extraction/install/laser_line_extraction/lib/python3.10/site-packages'
[2.094s] Level 1:colcon.colcon_core.environment:checking '/home/nagulann01/docking_ws/src/laser_line_extraction/install/laser_line_extraction/bin'
[2.094s] INFO:colcon.colcon_core.shell:Creating package script '/home/nagulann01/docking_ws/src/laser_line_extraction/install/laser_line_extraction/share/laser_line_extraction/package.ps1'
[2.096s] INFO:colcon.colcon_core.shell:Creating package descriptor '/home/nagulann01/docking_ws/src/laser_line_extraction/install/laser_line_extraction/share/laser_line_extraction/package.dsv'
[2.098s] INFO:colcon.colcon_core.shell:Creating package script '/home/nagulann01/docking_ws/src/laser_line_extraction/install/laser_line_extraction/share/laser_line_extraction/package.sh'
[2.099s] INFO:colcon.colcon_core.shell:Creating package script '/home/nagulann01/docking_ws/src/laser_line_extraction/install/laser_line_extraction/share/laser_line_extraction/package.bash'
[2.101s] INFO:colcon.colcon_core.shell:Creating package script '/home/nagulann01/docking_ws/src/laser_line_extraction/install/laser_line_extraction/share/laser_line_extraction/package.zsh'
[2.102s] Level 1:colcon.colcon_core.environment:create_file_with_runtime_dependencies(/home/nagulann01/docking_ws/src/laser_line_extraction/install/laser_line_extraction/share/colcon-core/packages/laser_line_extraction)
[2.114s] DEBUG:colcon.colcon_parallel_executor.executor.parallel:closing loop
[2.115s] DEBUG:colcon.colcon_parallel_executor.executor.parallel:loop closed
[2.115s] DEBUG:colcon.colcon_parallel_executor.executor.parallel:run_until_complete finished with '1'
[2.115s] DEBUG:colcon.colcon_core.event_reactor:joining thread
[2.123s] INFO:colcon.colcon_core.plugin_system:Skipping extension 'colcon_notification.desktop_notification.terminal_notifier': Not used on non-Darwin systems
[2.123s] INFO:colcon.colcon_core.plugin_system:Skipping extension 'colcon_notification.desktop_notification.win32': Not used on non-Windows systems
[2.123s] INFO:colcon.colcon_notification.desktop_notification:Sending desktop notification using 'notify2'
[2.180s] DEBUG:colcon.colcon_core.event_reactor:joined thread
[2.181s] INFO:colcon.colcon_core.shell:Creating prefix script '/home/nagulann01/docking_ws/src/laser_line_extraction/install/local_setup.ps1'
[2.184s] INFO:colcon.colcon_core.shell:Creating prefix util module '/home/nagulann01/docking_ws/src/laser_line_extraction/install/_local_setup_util_ps1.py'
[2.188s] INFO:colcon.colcon_core.shell:Creating prefix chain script '/home/nagulann01/docking_ws/src/laser_line_extraction/install/setup.ps1'
[2.190s] INFO:colcon.colcon_core.shell:Creating prefix script '/home/nagulann01/docking_ws/src/laser_line_extraction/install/local_setup.sh'
[2.191s] INFO:colcon.colcon_core.shell:Creating prefix util module '/home/nagulann01/docking_ws/src/laser_line_extraction/install/_local_setup_util_sh.py'
[2.191s] INFO:colcon.colcon_core.shell:Creating prefix chain script '/home/nagulann01/docking_ws/src/laser_line_extraction/install/setup.sh'
[2.193s] INFO:colcon.colcon_core.shell:Creating prefix script '/home/nagulann01/docking_ws/src/laser_line_extraction/install/local_setup.bash'
[2.193s] INFO:colcon.colcon_core.shell:Creating prefix chain script '/home/nagulann01/docking_ws/src/laser_line_extraction/install/setup.bash'
[2.194s] INFO:colcon.colcon_core.shell:Creating prefix script '/home/nagulann01/docking_ws/src/laser_line_extraction/install/local_setup.zsh'
[2.199s] INFO:colcon.colcon_core.shell:Creating prefix chain script '/home/nagulann01/docking_ws/src/laser_line_extraction/install/setup.zsh'
