[0.072s] Invoking command in '/home/nagulann01/docking_ws/src/laser_line_extraction/build/laser_line_extraction': CMAKE_PREFIX_PATH=/opt/ros/humble /usr/bin/cmake /home/nagulann01/docking_ws/src/laser_line_extraction -DAMENT_CMAKE_SYMLINK_INSTALL=1 -DCMAKE_INSTALL_PREFIX=/home/nagulann01/docking_ws/src/laser_line_extraction/install/laser_line_extraction
[0.117s] -- Found ament_cmake: 1.3.9 (/opt/ros/humble/share/ament_cmake/cmake)
[0.324s] -- Override CMake install command with custom implementation using symlinks instead of copying resources
[0.335s] -- Found rclcpp: 16.0.9 (/opt/ros/humble/share/rclcpp/cmake)
[0.395s] -- Found rosidl_generator_c: 3.1.5 (/opt/ros/humble/share/rosidl_generator_c/cmake)
[0.399s] -- Found rosidl_adapter: 3.1.5 (/opt/ros/humble/share/rosidl_adapter/cmake)
[0.407s] -- Found rosidl_generator_cpp: 3.1.5 (/opt/ros/humble/share/rosidl_generator_cpp/cmake)
[0.420s] -- Using all available rosidl_typesupport_c: rosidl_typesupport_fastrtps_c;rosidl_typesupport_introspection_c
[0.439s] -- Using all available rosidl_typesupport_cpp: rosidl_typesupport_fastrtps_cpp;rosidl_typesupport_introspection_cpp
[0.516s] -- Found rmw_implementation_cmake: 6.1.2 (/opt/ros/humble/share/rmw_implementation_cmake/cmake)
[0.518s] -- Found rmw_fastrtps_cpp: 6.2.6 (/opt/ros/humble/share/rmw_fastrtps_cpp/cmake)
[0.700s] -- Using RMW implementation 'rmw_fastrtps_cpp' as default
[0.954s] -- Found sensor_msgs: 4.2.4 (/opt/ros/humble/share/sensor_msgs/cmake)
[1.193s] -- Found visualization_msgs: 4.2.4 (/opt/ros/humble/share/visualization_msgs/cmake)
[1.425s] [31mCMake Error at CMakeLists.txt:28 (find_package):
[1.425s]   By not providing "Findlaser_line_msgs.cmake" in CMAKE_MODULE_PATH this
[1.425s]   project has asked CMake to find a package configuration file provided by
[1.425s]   "laser_line_msgs", but CMake did not find one.
[1.425s] 
[1.425s]   Could not find a package configuration file provided by "laser_line_msgs"
[1.426s]   with any of the following names:
[1.426s] 
[1.426s]     laser_line_msgsConfig.cmake
[1.426s]     laser_line_msgs-config.cmake
[1.426s] 
[1.426s]   Add the installation prefix of "laser_line_msgs" to CMAKE_PREFIX_PATH or
[1.426s]   set "laser_line_msgs_DIR" to a directory containing one of the above files.
[1.426s]   If "laser_line_msgs" provides a separate development package or SDK, be
[1.426s]   sure it has been installed.
[1.427s] 
[1.427s] [0m
[1.427s] -- Configuring incomplete, errors occurred!
[1.427s] See also "/home/nagulann01/docking_ws/src/laser_line_extraction/build/laser_line_extraction/CMakeFiles/CMakeOutput.log".
[1.437s] Invoked command in '/home/nagulann01/docking_ws/src/laser_line_extraction/build/laser_line_extraction' returned '1': CMAKE_PREFIX_PATH=/opt/ros/humble /usr/bin/cmake /home/nagulann01/docking_ws/src/laser_line_extraction -DAMENT_CMAKE_SYMLINK_INSTALL=1 -DCMAKE_INSTALL_PREFIX=/home/nagulann01/docking_ws/src/laser_line_extraction/install/laser_line_extraction
